#
# There is insufficient memory for the Java Runtime Environment to continue.
# Native memory allocation (mmap) failed to map 4030464 bytes. Error detail: G1 virtual space
# Possible reasons:
#   The system is out of physical RAM or swap space
#   This process is running with CompressedOops enabled, and the Java Heap may be blocking the growth of the native heap
# Possible solutions:
#   Reduce memory load on the system
#   Increase physical memory or swap space
#   Check if swap backing store is full
#   Decrease Java heap size (-Xmx/-Xms)
#   Decrease number of Java threads
#   Decrease Java thread stack sizes (-Xss)
#   Set larger code cache with -XX:ReservedCodeCacheSize=
#   JVM is running with Zero Based Compressed Oops mode in which the Java heap is
#     placed in the first 32GB address space. The Java Heap base address is the
#     maximum limit for the native heap growth. Please use -XX:HeapBaseMinAddress
#     to set the Java Heap base and to place the Java Heap above 32GB virtual address.
# This output file may be truncated or incomplete.
#
#  Out of Memory Error (os_windows.cpp:3613), pid=12788, tid=25780
#
# JRE version:  (17.0.12+7) (build )
# Java VM: OpenJDK 64-Bit Server VM (17.0.12+7, mixed mode, sharing, tiered, compressed oops, compressed class ptrs, g1 gc, windows-amd64)
# No core dump will be written. Minidumps are not enabled by default on client versions of Windows
#

---------------  S U M M A R Y ------------

Command Line: -Dfile.encoding=UTF-8 --module-path=C:\Hotel Management System\Hotel management system\build\classes hotel.management.system.Department

Host: AMD Ryzen 5 4600H with Radeon Graphics         , 12 cores, 15G,  Windows 11 , 64 bit Build 22621 (10.0.22621.3958)
Time: Sun Oct 27 18:08:35 2024 India Standard Time elapsed time: 0.017101 seconds (0d 0h 0m 0s)

---------------  T H R E A D  ---------------

Current thread (0x0000020c41594650):  JavaThread "Unknown thread" [_thread_in_vm, id=25780, stack(0x000000723d900000,0x000000723da00000)]

Stack: [0x000000723d900000,0x000000723da00000]
Native frames: (J=compiled Java code, j=interpreted, Vv=VM code, C=native code)
V  [jvm.dll+0x67f929]
V  [jvm.dll+0x8371ba]
V  [jvm.dll+0x838c7e]
V  [jvm.dll+0x8392e3]
V  [jvm.dll+0x24834f]
V  [jvm.dll+0x67c6e9]
V  [jvm.dll+0x6711aa]
V  [jvm.dll+0x307f7b]
V  [jvm.dll+0x30f476]
V  [jvm.dll+0x35f653]
V  [jvm.dll+0x35f87f]
V  [jvm.dll+0x2def9c]
V  [jvm.dll+0x2dfef4]
V  [jvm.dll+0x808a4b]
V  [jvm.dll+0x36d3b1]
V  [jvm.dll+0x7e7425]
V  [jvm.dll+0x3f0edf]
V  [jvm.dll+0x3f2a31]
C  [jli.dll+0x528f]
C  [ucrtbase.dll+0x29333]
C  [KERNEL32.DLL+0x1257d]
C  [ntdll.dll+0x5af08]


---------------  P R O C E S S  ---------------

Threads class SMR info:
_java_thread_list=0x00007fff82686f18, length=0, elements={
}

Java Threads: ( => current thread )

Other Threads:
  0x0000020c415fe0a0 GCTaskThread "GC Thread#0" [stack: 0x000000723da00000,0x000000723db00000] [id=20268]
  0x0000020c4160f670 ConcurrentGCThread "G1 Main Marker" [stack: 0x000000723db00000,0x000000723dc00000] [id=23544]
  0x0000020c41612740 ConcurrentGCThread "G1 Conc#0" [stack: 0x000000723dc00000,0x000000723dd00000] [id=25240]

[error occurred during error reporting (printing all threads), id 0xc0000005, EXCEPTION_ACCESS_VIOLATION (0xc0000005) at pc=0x00007fff81e3f697]

VM state: not at safepoint (not fully initialized)

VM Mutex/Monitor currently owned by a thread:  ([mutex/lock_event])
[0x0000020c4158f1c0] Heap_lock - owner thread: 0x0000020c41594650

Heap address: 0x000000070a000000, size: 3936 MB, Compressed Oops mode: Zero based, Oop shift amount: 3

CDS archive(s) mapped at: [0x0000000000000000-0x0000000000000000-0x0000000000000000), size 0, SharedBaseAddress: 0x0000000800000000, ArchiveRelocationMode: 1.
Narrow klass base: 0x0000000000000000, Narrow klass shift: 0, Narrow klass range: 0x0

GC Precious Log:
<Empty>

Heap:
 garbage-first heap   total 0K, used 0K [0x000000070a000000, 0x0000000800000000)
  region size 2048K, 0 young (0K), 0 survivors (0K)

[error occurred during error reporting (printing heap information), id 0xc0000005, EXCEPTION_ACCESS_VIOLATION (0xc0000005) at pc=0x00007fff82228bf9]

GC Heap History (0 events):
No events

Dll operation events (1 events):
Event: 0.009 Loaded shared library C:\Program Files\Eclipse Adoptium\jdk-17.0.12.7-hotspot\bin\java.dll

Deoptimization events (0 events):
No events

Classes loaded (0 events):
No events

Classes unloaded (0 events):
No events

Classes redefined (0 events):
No events

Internal exceptions (0 events):
No events

VM Operations (0 events):
No events

Events (0 events):
No events


Dynamic libraries:
0x00007ff6c1eb0000 - 0x00007ff6c1ebe000 	C:\Program Files\Eclipse Adoptium\jdk-17.0.12.7-hotspot\bin\java.exe
0x00007ffffec10000 - 0x00007ffffee27000 	C:\WINDOWS\SYSTEM32\ntdll.dll
0x00007ffffe2d0000 - 0x00007ffffe394000 	C:\WINDOWS\System32\KERNEL32.DLL
0x00007ffffc1d0000 - 0x00007ffffc587000 	C:\WINDOWS\System32\KERNELBASE.dll
0x00007ffffc750000 - 0x00007ffffc861000 	C:\WINDOWS\System32\ucrtbase.dll
0x00007fffecbc0000 - 0x00007fffecbdb000 	C:\Program Files\Eclipse Adoptium\jdk-17.0.12.7-hotspot\bin\VCRUNTIME140.dll
0x00007fffeca50000 - 0x00007fffeca67000 	C:\Program Files\Eclipse Adoptium\jdk-17.0.12.7-hotspot\bin\jli.dll
0x00007ffffdb80000 - 0x00007ffffdd2f000 	C:\WINDOWS\System32\USER32.dll
0x00007ffffc910000 - 0x00007ffffc936000 	C:\WINDOWS\System32\win32u.dll
0x00007fffe8b10000 - 0x00007fffe8da3000 	C:\WINDOWS\WinSxS\amd64_microsoft.windows.common-controls_6595b64144ccf1df_6.0.22621.3672_none_2713b9d173822955\COMCTL32.dll
0x00007ffffeb70000 - 0x00007ffffeb99000 	C:\WINDOWS\System32\GDI32.dll
0x00007ffffc9b0000 - 0x00007ffffca57000 	C:\WINDOWS\System32\msvcrt.dll
0x00007ffffc590000 - 0x00007ffffc6a8000 	C:\WINDOWS\System32\gdi32full.dll
0x00007ffffc6b0000 - 0x00007ffffc74a000 	C:\WINDOWS\System32\msvcp_win.dll
0x00007ffffca60000 - 0x00007ffffca91000 	C:\WINDOWS\System32\IMM32.DLL
0x00007ffff2b70000 - 0x00007ffff2b7c000 	C:\Program Files\Eclipse Adoptium\jdk-17.0.12.7-hotspot\bin\vcruntime140_1.dll
0x00007fffec960000 - 0x00007fffec9ed000 	C:\Program Files\Eclipse Adoptium\jdk-17.0.12.7-hotspot\bin\msvcp140.dll
0x00007fff81b50000 - 0x00007fff827ba000 	C:\Program Files\Eclipse Adoptium\jdk-17.0.12.7-hotspot\bin\server\jvm.dll
0x00007ffffd4a0000 - 0x00007ffffd552000 	C:\WINDOWS\System32\ADVAPI32.dll
0x00007ffffe020000 - 0x00007ffffe0c8000 	C:\WINDOWS\System32\sechost.dll
0x00007ffffc8e0000 - 0x00007ffffc908000 	C:\WINDOWS\System32\bcrypt.dll
0x00007ffffe560000 - 0x00007ffffe674000 	C:\WINDOWS\System32\RPCRT4.dll
0x00007ffffd420000 - 0x00007ffffd491000 	C:\WINDOWS\System32\WS2_32.dll
0x00007ffffbdf0000 - 0x00007ffffbe3d000 	C:\WINDOWS\SYSTEM32\POWRPROF.dll
0x00007ffff4c70000 - 0x00007ffff4ca4000 	C:\WINDOWS\SYSTEM32\WINMM.dll
0x00007ffff3af0000 - 0x00007ffff3afa000 	C:\WINDOWS\SYSTEM32\VERSION.dll
0x00007ffffbdd0000 - 0x00007ffffbde3000 	C:\WINDOWS\SYSTEM32\UMPDC.dll
0x00007ffffaed0000 - 0x00007ffffaee8000 	C:\WINDOWS\SYSTEM32\kernel.appcore.dll
0x00007ffff1ee0000 - 0x00007ffff1eea000 	C:\Program Files\Eclipse Adoptium\jdk-17.0.12.7-hotspot\bin\jimage.dll
0x00007ffff9930000 - 0x00007ffff9b62000 	C:\WINDOWS\SYSTEM32\DBGHELP.DLL
0x00007ffffd7f0000 - 0x00007ffffdb7e000 	C:\WINDOWS\System32\combase.dll
0x00007ffffdee0000 - 0x00007ffffdfb7000 	C:\WINDOWS\System32\OLEAUT32.dll
0x00007ffff3280000 - 0x00007ffff32b2000 	C:\WINDOWS\SYSTEM32\dbgcore.DLL
0x00007ffffbf20000 - 0x00007ffffbf9b000 	C:\WINDOWS\System32\bcryptPrimitives.dll
0x00007fffecb50000 - 0x00007fffecb75000 	C:\Program Files\Eclipse Adoptium\jdk-17.0.12.7-hotspot\bin\java.dll

dbghelp: loaded successfully - version: 4.0.5 - missing functions: none
symbol engine: initialized successfully - sym options: 0x614 - pdb path: .;C:\Program Files\Eclipse Adoptium\jdk-17.0.12.7-hotspot\bin;C:\WINDOWS\SYSTEM32;C:\WINDOWS\WinSxS\amd64_microsoft.windows.common-controls_6595b64144ccf1df_6.0.22621.3672_none_2713b9d173822955;C:\Program Files\Eclipse Adoptium\jdk-17.0.12.7-hotspot\bin\server

VM Arguments:
jvm_args: -Dfile.encoding=UTF-8 --module-path=C:\Hotel Management System\Hotel management system\build\classes 
java_command: hotel.management.system.Department
java_class_path (initial): C:\Users\ashut\Downloads\mysql-connector-java-8.0.17.jar;C:\Users\ashut\Downloads\rs2xml.jar;C:\Hotel Management System\Hotel management system\build\classes
Launcher Type: SUN_STANDARD

[Global flags]
     intx CICompilerCount                          = 4                                         {product} {ergonomic}
     uint ConcGCThreads                            = 3                                         {product} {ergonomic}
     uint G1ConcRefinementThreads                  = 10                                        {product} {ergonomic}
   size_t G1HeapRegionSize                         = 2097152                                   {product} {ergonomic}
    uintx GCDrainStackTargetSize                   = 64                                        {product} {ergonomic}
   size_t InitialHeapSize                          = 257949696                                 {product} {ergonomic}
   size_t MarkStackSize                            = 4194304                                   {product} {ergonomic}
   size_t MaxHeapSize                              = 4127195136                                {product} {ergonomic}
   size_t MinHeapDeltaBytes                        = 2097152                                   {product} {ergonomic}
   size_t MinHeapSize                              = 8388608                                   {product} {ergonomic}
    uintx NonNMethodCodeHeapSize                   = 5839372                                {pd product} {ergonomic}
    uintx NonProfiledCodeHeapSize                  = 122909434                              {pd product} {ergonomic}
    uintx ProfiledCodeHeapSize                     = 122909434                              {pd product} {ergonomic}
    uintx ReservedCodeCacheSize                    = 251658240                              {pd product} {ergonomic}
     bool SegmentedCodeCache                       = true                                      {product} {ergonomic}
   size_t SoftMaxHeapSize                          = 4127195136                             {manageable} {ergonomic}
     bool UseCompressedClassPointers               = true                           {product lp64_product} {ergonomic}
     bool UseCompressedOops                        = true                           {product lp64_product} {ergonomic}
     bool UseG1GC                                  = true                                      {product} {ergonomic}
     bool UseLargePagesIndividualAllocation        = false                                  {pd product} {ergonomic}

Logging:
Log output configuration:
 #0: stdout all=warning uptime,level,tags
 #1: stderr all=off uptime,level,tags

Environment Variables:
JAVA_HOME=C:\Program Files\Eclipse Adoptium\jdk-17.0.12.7-hotspot\
PATH=C:\Program Files\Common Files\Oracle\Java\javapath;C:\Program Files\Eclipse Adoptium\jdk-17.0.12.7-hotspot\bin;C:\Windows\system32;C:\Windows;C:\Windows\System32\Wbem;C:\Windows\System32\WindowsPowerShell\v1.0\;C:\Windows\System32\OpenSSH\;C:\Program Files (x86)\NVIDIA Corporation\PhysX\Common;C:\Program Files\NVIDIA Corporation\NVIDIA NvDLISR;C:\WINDOWS\system32;C:\WINDOWS;C:\WINDOWS\System32\Wbem;C:\WINDOWS\System32\WindowsPowerShell\v1.0\;C:\WINDOWS\System32\OpenSSH\;C:\Program Files\dotnet\;C:\Program Files\Git\cmd;C:\Program Files\Git\mingw64\bin;C:\Program Files\Git\usr\bin;C:\Program Files\nodejs\;C:\msys64\ucrt64\bin\;C:\Program Files\Java\jdk-23\bin;C:\Program Files\MySQL\MySQL Server 8.0\bin;C:\Users\ashut\AppData\Local\Programs\Python\Python313;C:\Program Files\MySQL\MySQL Shell 8.0\bin\;C:\Users\ashut\AppData\Local\Programs\Python\Launcher\;C:\Program Files\Eclipse Adoptium\jdk-17.0.12.7-hotspot\bin;C:\Users\ashut\anaconda3;C:\Users\ashut\anaconda3\Library\mingw-w64\bin;C:\Users\ashut\anaconda3\Library\usr\bin;C:\Users\ashut\anaconda3\Library\bin;C:\Users\ashut\anaconda3\Scripts;C:\Users\ashut\AppData\Local\Programs\Microsoft VS Code\bin;C:\msys64\ucrt64\bin;C:\Users\ashut\AppData\Local\GitHubDesktop\bin;C:\Users\ashut\AppData\Roaming\npm;C:\Program Files\nodejs\node.exe;C:\Program Files\MySQL\MySQL Server 8.0\bin;C:\Users\ashut\AppData\Local\Programs\Python\Python313;C:\Users\ashut\AppData\Local\Microsoft\WindowsApps;;
USERNAME=ashut
OS=Windows_NT
PROCESSOR_IDENTIFIER=AMD64 Family 23 Model 96 Stepping 1, AuthenticAMD
TMP=C:\Users\ashut\AppData\Local\Temp
TEMP=C:\Users\ashut\AppData\Local\Temp



Periodic native trim disabled


---------------  S Y S T E M  ---------------

OS:
 Windows 11 , 64 bit Build 22621 (10.0.22621.3958)
OS uptime: 4 days 12:18 hours
Hyper-V role detected

CPU: total 12 (initial active 12) (12 cores per cpu, 2 threads per core) family 23 model 96 stepping 1 microcode 0x0, cx8, cmov, fxsr, ht, mmx, 3dnowpref, sse, sse2, sse3, ssse3, sse4a, sse4.1, sse4.2, popcnt, lzcnt, tsc, tscinvbit, avx, avx2, aes, clmul, bmi1, bmi2, adx, sha, fma, vzeroupper, clflush, clflushopt, hv
Processor Information for all 12 processors :
  Max Mhz: 3000, Current Mhz: 3000, Mhz Limit: 3000

Memory: 4k page, system-wide physical 15741M (4562M free)
TotalPageFile size 29129M (AvailPageFile size 5M)
current process WorkingSet (physical memory assigned to process): 11M, peak: 11M
current process commit charge ("private bytes"): 311M, peak: 314M

vm_info: OpenJDK 64-Bit Server VM (17.0.12+7) for windows-amd64 JRE (17.0.12+7), built on Jul 16 2024 22:08:24 by "admin" with MS VC++ 16.10 / 16.11 (VS2019)

END.
